<?xml version="1.0" encoding="UTF-8"?>
<testsuite xmlns:xsi="http://www.w3.org/2001/XMLSchema-instance" xsi:noNamespaceSchemaLocation="https://maven.apache.org/surefire/maven-surefire-plugin/xsd/surefire-test-report-3.0.xsd" version="3.0" name="com.ebabyTecHub.microserviceact.MicroServiceActApplicationTests" time="7.016" tests="1" errors="0" skipped="0" failures="0">
  <properties>
[...]
</properties>
  <testcase name="contextLoads" classname="com.ebabyTecHub.microserviceact.MicroServiceActApplicationTests" time="2.797">
    <system-out><![CDATA[17:10:13.601 [main] INFO org.springframework.test.context.support.AnnotationConfigContextLoaderUtils -- Could not detect default configuration classes for test class [com.ebabyTecHub.microserviceact.MicroServiceActApplicationTests]: MicroServiceActApplicationTests does not declare any static, non-private, non-final, nested classes annotated with @Configuration.
17:10:14.023 [main] INFO org.springframework.boot.test.context.SpringBootTestContextBootstrapper -- Found @SpringBootConfiguration com.ebabyTecHub.microserviceact.MicroServiceActApplication for test class com.ebabyTecHub.microserviceact.MicroServiceActApplicationTests

  .   ____          _            __ _ _
 /\\ / ___'_ __ _ _(_)_ __  __ _ \ \ \ \
( ( )\___ | '_ | '_| | '_ \/ _` | \ \ \ \
 \\/  ___)| |_)| | | | | || (_| |  ) ) ) )
  '  |____| .__|_| |_|_| |_\__, | / / / /
 =========|_|==============|___/=/_/_/_/
 :: Spring Boot ::                (v3.1.5)

2023-10-20T17:10:15.512+01:00  INFO 2749 --- [           main] c.e.m.MicroServiceActApplicationTests    : Starting MicroServiceActApplicationTests using Java 20.0.1 with PID 2749 (started by decagon in /Users/decagon/Desktop/micro-services-architecture)
2023-10-20T17:10:15.513+01:00  INFO 2749 --- [           main] c.e.m.MicroServiceActApplicationTests    : No active profile set, falling back to 1 default profile: "default"
2023-10-20T17:10:16.978+01:00  INFO 2749 --- [           main] c.e.m.MicroServiceActApplicationTests    : Started MicroServiceActApplicationTests in 2.302 seconds (process running for 5.647)
]]></system-out>
  </testcase>
</testsuite>